Using pre-set license
Built from '2021.2/staging' branch; Version is '2021.2.5f1 (4ec9a5e799f5) revision 5163429'; Using compiler version '192829333'; Build Type 'Release'
OS: 'Windows 10  (10.0.19042) 64bit Core' Language: 'sv' Physical Memory: 16313 MB
BatchMode: 1, IsHumanControllingUs: 0, StartBugReporterOnCrash: 0, Is64bit: 1, IsPro: 0

COMMAND LINE ARGUMENTS:
C:\Program Files\Unity\Hub\Editor\2021.2.5f1\Editor\Unity.exe
-adb2
-batchMode
-noUpm
-name
AssetImportWorker0
-projectPath
C:/Projets/RacingRacerCar/RacingRacerCar
-logFile
Logs/AssetImportWorker0.log
-srvPort
51809
Successfully changed project path to: C:/Projets/RacingRacerCar/RacingRacerCar
C:/Projets/RacingRacerCar/RacingRacerCar
[UnityMemory] Configuration Parameters - Can be set up in boot.config
    "memorysetup-bucket-allocator-granularity=16"
    "memorysetup-bucket-allocator-bucket-count=8"
    "memorysetup-bucket-allocator-block-size=33554432"
    "memorysetup-bucket-allocator-block-count=8"
    "memorysetup-main-allocator-block-size=16777216"
    "memorysetup-thread-allocator-block-size=16777216"
    "memorysetup-gfx-main-allocator-block-size=16777216"
    "memorysetup-gfx-thread-allocator-block-size=16777216"
    "memorysetup-cache-allocator-block-size=4194304"
    "memorysetup-typetree-allocator-block-size=2097152"
    "memorysetup-profiler-bucket-allocator-granularity=16"
    "memorysetup-profiler-bucket-allocator-bucket-count=8"
    "memorysetup-profiler-bucket-allocator-block-size=33554432"
    "memorysetup-profiler-bucket-allocator-block-count=8"
    "memorysetup-profiler-allocator-block-size=16777216"
    "memorysetup-profiler-editor-allocator-block-size=1048576"
    "memorysetup-temp-allocator-size-main=16777216"
    "memorysetup-job-temp-allocator-block-size=2097152"
    "memorysetup-job-temp-allocator-block-size-background=1048576"
    "memorysetup-job-temp-allocator-reduction-small-platforms=262144"
    "memorysetup-temp-allocator-size-background-worker=32768"
    "memorysetup-temp-allocator-size-job-worker=262144"
    "memorysetup-temp-allocator-size-preload-manager=33554432"
    "memorysetup-temp-allocator-size-nav-mesh-worker=65536"
    "memorysetup-temp-allocator-size-audio-worker=65536"
    "memorysetup-temp-allocator-size-cloud-worker=32768"
    "memorysetup-temp-allocator-size-gi-baking-worker=262144"
    "memorysetup-temp-allocator-size-gfx=262144"
Refreshing native plugins compatible for Editor in 74.24 ms, found 3 plugins.
Preloading 0 native plugins for Editor in 0.00 ms.
Initialize engine version: 2021.2.5f1 (4ec9a5e799f5)
[Subsystems] Discovering subsystems at path C:/Program Files/Unity/Hub/Editor/2021.2.5f1/Editor/Data/Resources/UnitySubsystems
[Subsystems] Discovering subsystems at path C:/Projets/RacingRacerCar/RacingRacerCar/Assets
GfxDevice: creating device client; threaded=0; jobified=0
Direct3D:
    Version:  Direct3D 11.0 [level 11.1]
    Renderer: NVIDIA GeForce GTX 1070 Ti (ID=0x1b82)
    Vendor:   NVIDIA
    VRAM:     8079 MB
    Driver:   27.21.14.5671
Initialize mono
Mono path[0] = 'C:/Program Files/Unity/Hub/Editor/2021.2.5f1/Editor/Data/Managed'
Mono path[1] = 'C:/Program Files/Unity/Hub/Editor/2021.2.5f1/Editor/Data/MonoBleedingEdge/lib/mono/unityjit-win32'
Mono config path = 'C:/Program Files/Unity/Hub/Editor/2021.2.5f1/Editor/Data/MonoBleedingEdge/etc'
Using monoOptions --debugger-agent=transport=dt_socket,embedding=1,server=y,suspend=n,address=127.0.0.1:56740
Begin MonoManager ReloadAssembly
Registering precompiled unity dll's ...
Register platform support module: C:/Program Files/Unity/Hub/Editor/2021.2.5f1/Editor/Data/PlaybackEngines/WindowsStandaloneSupport/UnityEditor.WindowsStandalone.Extensions.dll
Registered in 0.008695 seconds.
Native extension for WindowsStandalone target not found
Refreshing native plugins compatible for Editor in 76.83 ms, found 3 plugins.
Preloading 0 native plugins for Editor in 0.00 ms.
Mono: successfully reloaded assembly
- Completed reload, in  0.600 seconds
Domain Reload Profiling:
	ReloadAssembly (601ms)
		BeginReloadAssembly (70ms)
			ExecutionOrderSort (0ms)
			DisableScriptedObjects (0ms)
			BackupInstance (0ms)
			ReleaseScriptingObjects (0ms)
			CreateAndSetChildDomain (1ms)
		EndReloadAssembly (444ms)
			LoadAssemblies (68ms)
			RebuildTransferFunctionScriptingTraits (0ms)
			SetupTypeCache (105ms)
			ReleaseScriptCaches (0ms)
			RebuildScriptCaches (23ms)
			SetupLoadedEditorAssemblies (267ms)
				LogAssemblyErrors (0ms)
				InitializePlatformSupportModulesInManaged (14ms)
				SetLoadedEditorAssemblies (0ms)
				RefreshPlugins (77ms)
				BeforeProcessingInitializeOnLoad (1ms)
				ProcessInitializeOnLoadAttributes (129ms)
				ProcessInitializeOnLoadMethodAttributes (45ms)
				AfterProcessingInitializeOnLoad (0ms)
				EditorAssembliesLoaded (0ms)
			ExecutionOrderSort2 (0ms)
			AwakeInstancesAfterBackupRestoration (0ms)
Platform modules already initialized, skipping
Registering precompiled user dll's ...
Registered in 0.014467 seconds.
Begin MonoManager ReloadAssembly
Symbol file LoadedFromMemory doesn't match image C:\Projets\RacingRacerCar\RacingRacerCar\Library\PackageCache\com.unity.visualscripting@1.7.5\Editor\VisualScripting.Core\Dependencies\YamlDotNet\Unity.VisualScripting.YamlDotNet.dll
Symbol file LoadedFromMemory doesn't match image C:\Projets\RacingRacerCar\RacingRacerCar\Library\PackageCache\com.unity.visualscripting@1.7.5\Editor\VisualScripting.Core\Dependencies\DotNetZip\Unity.VisualScripting.IonicZip.dll
Native extension for WindowsStandalone target not found
Refreshing native plugins compatible for Editor in 70.78 ms, found 3 plugins.
Preloading 0 native plugins for Editor in 0.00 ms.
Mono: successfully reloaded assembly
- Completed reload, in  1.132 seconds
Domain Reload Profiling:
	ReloadAssembly (1133ms)
		BeginReloadAssembly (158ms)
			ExecutionOrderSort (0ms)
			DisableScriptedObjects (5ms)
			BackupInstance (0ms)
			ReleaseScriptingObjects (0ms)
			CreateAndSetChildDomain (19ms)
		EndReloadAssembly (885ms)
			LoadAssemblies (72ms)
			RebuildTransferFunctionScriptingTraits (0ms)
			SetupTypeCache (214ms)
			ReleaseScriptCaches (1ms)
			RebuildScriptCaches (47ms)
			SetupLoadedEditorAssemblies (462ms)
				LogAssemblyErrors (0ms)
				InitializePlatformSupportModulesInManaged (11ms)
				SetLoadedEditorAssemblies (0ms)
				RefreshPlugins (71ms)
				BeforeProcessingInitializeOnLoad (78ms)
				ProcessInitializeOnLoadAttributes (269ms)
				ProcessInitializeOnLoadMethodAttributes (24ms)
				AfterProcessingInitializeOnLoad (9ms)
				EditorAssembliesLoaded (0ms)
			ExecutionOrderSort2 (0ms)
			AwakeInstancesAfterBackupRestoration (5ms)
Platform modules already initialized, skipping
========================================================================
Worker process is ready to serve import requests
Launched and connected shader compiler UnityShaderCompiler.exe after 0.08 seconds
Refreshing native plugins compatible for Editor in 0.75 ms, found 3 plugins.
Preloading 0 native plugins for Editor in 0.00 ms.
Unloading 3519 Unused Serialized files (Serialized files now loaded: 0)
Unloading 26 unused Assets / (56.7 KB). Loaded Objects now: 3986.
Memory consumption went from 203.0 MB to 202.9 MB.
Total: 4.374400 ms (FindLiveObjects: 0.490700 ms CreateObjectMapping: 0.447300 ms MarkObjects: 3.328600 ms  DeleteObjects: 0.107000 ms)

AssetImportParameters requested are different than current active one (requested -> active):
  custom:video-decoder-ogg-theora: a1e56fd34408186e4bbccfd4996cb3dc -> 
  custom:container-muxer-webm: aa71ff27fc2769a1b78a27578f13a17b -> 
  custom:container-demuxer-webm: 4f35f7cbe854078d1ac9338744f61a02 -> 
  custom:video-encoder-webm-vp8: eb34c28f22e8b96e1ab97ce403110664 -> 
  custom:audio-encoder-webm-vorbis: bf7c407c2cedff20999df2af8eb42d56 -> 
  custom:framework-win-MediaFoundation: 216162199b28c13a410421893ffa2e32 -> 
  custom:container-demuxer-ogg: 62fdf1f143b41e24485cea50d1cbac27 -> 
  custom:video-decoder-webm-vp8: 9c59270c3fd7afecdb556c50c9e8de78 -> 
  custom:audio-decoder-ogg-vorbis: bf7c407c2cedff20999df2af8eb42d56 -> 
========================================================================
Received Import Request.
  Time since last request: 275999.191364 seconds.
  path: Assets/UI/explosion.png
  artifactKey: Guid(29c83e4135043b644a3eda6920e6278b) Importer(815301076,1909f56bfc062723c751e8b465ee728b)
Start importing Assets/UI/explosion.png using Guid(29c83e4135043b644a3eda6920e6278b) Importer(815301076,1909f56bfc062723c751e8b465ee728b)  -> (artifact id: '4952a2f31aeea8f505eb290a11c3da70') in 0.127193 seconds 
========================================================================
Received Import Request.
  Time since last request: 0.000020 seconds.
  path: Assets/Materials/Trail.mat
  artifactKey: Guid(ce0008f15985f00449ac643002263524) Importer(815301076,1909f56bfc062723c751e8b465ee728b)
Start importing Assets/Materials/Trail.mat using Guid(ce0008f15985f00449ac643002263524) Importer(815301076,1909f56bfc062723c751e8b465ee728b)  -> (artifact id: 'e4d8656e0d0afa73f2bc6aaa7f04c667') in 0.112858 seconds 
========================================================================
Received Import Request.
  Time since last request: 0.000026 seconds.
  path: Assets/UI/icons8-plus-+-48.png
  artifactKey: Guid(3b7724ac39a9d0546a003dd4b46c5b23) Importer(815301076,1909f56bfc062723c751e8b465ee728b)
Start importing Assets/UI/icons8-plus-+-48.png using Guid(3b7724ac39a9d0546a003dd4b46c5b23) Importer(815301076,1909f56bfc062723c751e8b465ee728b)  -> (artifact id: 'a703b964d86c9df7e687434aae389a40') in 0.018501 seconds 
========================================================================
Received Import Request.
  Time since last request: 0.000041 seconds.
  path: Assets/UI/heartbeat.png
  artifactKey: Guid(06787f6ad3bccfc469c50fb4a61e3e4f) Importer(815301076,1909f56bfc062723c751e8b465ee728b)
Start importing Assets/UI/heartbeat.png using Guid(06787f6ad3bccfc469c50fb4a61e3e4f) Importer(815301076,1909f56bfc062723c751e8b465ee728b)  -> (artifact id: 'b7b84d460ad47847466e3bc617de0df4') in 0.031740 seconds 
========================================================================
Received Import Request.
  Time since last request: 0.000020 seconds.
  path: Assets/Materials/Ground.mat
  artifactKey: Guid(8cd6823fb4fc68f45902f5832643194c) Importer(815301076,1909f56bfc062723c751e8b465ee728b)
Start importing Assets/Materials/Ground.mat using Guid(8cd6823fb4fc68f45902f5832643194c) Importer(815301076,1909f56bfc062723c751e8b465ee728b)  -> (artifact id: '058a8d69d0a50fda912e501c6e3990fd') in 0.013003 seconds 
========================================================================
Received Import Request.
  Time since last request: 0.000021 seconds.
  path: Assets/UI/Weapon Renderer.asset
  artifactKey: Guid(861f12a49b6e19143870a66b3c27cb94) Importer(815301076,1909f56bfc062723c751e8b465ee728b)
Start importing Assets/UI/Weapon Renderer.asset using Guid(861f12a49b6e19143870a66b3c27cb94) Importer(815301076,1909f56bfc062723c751e8b465ee728b)  -> (artifact id: 'f272a54aff7cb3e1f7e42048927a2276') in 0.032636 seconds 
========================================================================
Received Import Request.
  Time since last request: 0.000020 seconds.
  path: Assets/UI/bullets.png
  artifactKey: Guid(b9786952707f6cf44b830c6c6cbf42d5) Importer(815301076,1909f56bfc062723c751e8b465ee728b)
Start importing Assets/UI/bullets.png using Guid(b9786952707f6cf44b830c6c6cbf42d5) Importer(815301076,1909f56bfc062723c751e8b465ee728b)  -> (artifact id: '2bf8feb5bd3b8351c16688afcd5aab2b') in 0.026225 seconds 
========================================================================
Received Import Request.
  Time since last request: 0.000020 seconds.
  path: Assets/UI/plus.png
  artifactKey: Guid(24a4ea12edbab3440af75d04a985010c) Importer(815301076,1909f56bfc062723c751e8b465ee728b)
Start importing Assets/UI/plus.png using Guid(24a4ea12edbab3440af75d04a985010c) Importer(815301076,1909f56bfc062723c751e8b465ee728b)  -> (artifact id: 'b3ad5fb536dbb546089c4b879c9e8395') in 0.031300 seconds 
========================================================================
Received Import Request.
  Time since last request: 0.000020 seconds.
  path: Assets/UI/icons8-arrow-100.png
  artifactKey: Guid(923b5955fd0350f47b9a4ffcb4f30200) Importer(815301076,1909f56bfc062723c751e8b465ee728b)
Start importing Assets/UI/icons8-arrow-100.png using Guid(923b5955fd0350f47b9a4ffcb4f30200) Importer(815301076,1909f56bfc062723c751e8b465ee728b)  -> (artifact id: '0e1349dbe933ff981c8880b16de9cbd4') in 0.017084 seconds 
========================================================================
Received Import Request.
  Time since last request: 0.000023 seconds.
  path: Assets/UI/expand.png
  artifactKey: Guid(793bc001424699c49ae3c66937292f5e) Importer(815301076,1909f56bfc062723c751e8b465ee728b)
Start importing Assets/UI/expand.png using Guid(793bc001424699c49ae3c66937292f5e) Importer(815301076,1909f56bfc062723c751e8b465ee728b)  -> (artifact id: '0d2e1fb5e25ba3460670c2f731d49cec') in 0.035740 seconds 
========================================================================
Received Import Request.
  Time since last request: 0.000027 seconds.
  path: Assets/UI/fast.png
  artifactKey: Guid(ed68718fc21e70f42b6e90ae1d3b8878) Importer(815301076,1909f56bfc062723c751e8b465ee728b)
Start importing Assets/UI/fast.png using Guid(ed68718fc21e70f42b6e90ae1d3b8878) Importer(815301076,1909f56bfc062723c751e8b465ee728b)  -> (artifact id: '14de7e315f0192ab70e476ee6dfe16e4') in 0.033082 seconds 
========================================================================
Received Import Request.
  Time since last request: 0.000037 seconds.
  path: Assets/UI/healthcare.png
  artifactKey: Guid(54fe547271d7aa6479647db00604d656) Importer(815301076,1909f56bfc062723c751e8b465ee728b)
Start importing Assets/UI/healthcare.png using Guid(54fe547271d7aa6479647db00604d656) Importer(815301076,1909f56bfc062723c751e8b465ee728b)  -> (artifact id: '6d0617fa64712ff19be1ad8c5d0f72ed') in 0.030695 seconds 
========================================================================
Received Import Request.
  Time since last request: 0.000020 seconds.
  path: Assets/UI/heartbeat (1).png
  artifactKey: Guid(6fb978455e99bef49a11ef410841495e) Importer(815301076,1909f56bfc062723c751e8b465ee728b)
Start importing Assets/UI/heartbeat (1).png using Guid(6fb978455e99bef49a11ef410841495e) Importer(815301076,1909f56bfc062723c751e8b465ee728b)  -> (artifact id: 'ce47df0a846c852d2e4e11ecc7565aa2') in 0.037827 seconds 
========================================================================
Received Import Request.
  Time since last request: 0.000023 seconds.
  path: Assets/UI/defense.png
  artifactKey: Guid(f3f1ec07a029f5244b9e06a5942935e5) Importer(815301076,1909f56bfc062723c751e8b465ee728b)
Start importing Assets/UI/defense.png using Guid(f3f1ec07a029f5244b9e06a5942935e5) Importer(815301076,1909f56bfc062723c751e8b465ee728b)  -> (artifact id: '17b3da561a08b15017b8082dfb6f2787') in 0.027702 seconds 
========================================================================
Received Import Request.
  Time since last request: 8.741134 seconds.
  path: Assets/WZ PAK/vehicles/armored carrier/apc_plaz2.FBX
  artifactKey: Guid(142c63e4a29a6f34387febd07f73fe7f) Importer(815301076,1909f56bfc062723c751e8b465ee728b)
Start importing Assets/WZ PAK/vehicles/armored carrier/apc_plaz2.FBX using Guid(142c63e4a29a6f34387febd07f73fe7f) Importer(815301076,1909f56bfc062723c751e8b465ee728b)  -> (artifact id: '854f6896316e204ad23ea4c300744bee') in 0.255245 seconds 
========================================================================
Received Import Request.
  Time since last request: 0.000021 seconds.
  path: Assets/WZ PAK/vehicles/vehicles customizable/plaz_b4.FBX
  artifactKey: Guid(ab4a31c09d6dda14c9472f6c7f261b37) Importer(815301076,1909f56bfc062723c751e8b465ee728b)
Start importing Assets/WZ PAK/vehicles/vehicles customizable/plaz_b4.FBX using Guid(ab4a31c09d6dda14c9472f6c7f261b37) Importer(815301076,1909f56bfc062723c751e8b465ee728b)  -> (artifact id: '774a8d8f38933970acbb853b69eedbbe') in 0.118190 seconds 
========================================================================
Received Import Request.
  Time since last request: 0.000031 seconds.
  path: Assets/WZ PAK/vehicles/vehicles customizable/plaz_s1.FBX
  artifactKey: Guid(3bb2f6f63bd347b49a265b91f941499d) Importer(815301076,1909f56bfc062723c751e8b465ee728b)
Start importing Assets/WZ PAK/vehicles/vehicles customizable/plaz_s1.FBX using Guid(3bb2f6f63bd347b49a265b91f941499d) Importer(815301076,1909f56bfc062723c751e8b465ee728b)  -> (artifact id: 'f8bc5a8547e4fb088dd63d3fc347f4ff') in 0.028058 seconds 
========================================================================
Received Import Request.
  Time since last request: 0.000027 seconds.
  path: Assets/WZ PAK/vehicles/Bagi/Bagi_plaz_r2.FBX
  artifactKey: Guid(25f90e697f5322347bc054a901b61765) Importer(815301076,1909f56bfc062723c751e8b465ee728b)
Start importing Assets/WZ PAK/vehicles/Bagi/Bagi_plaz_r2.FBX using Guid(25f90e697f5322347bc054a901b61765) Importer(815301076,1909f56bfc062723c751e8b465ee728b)  -> (artifact id: 'eadb0171e381102453d9a9897bfecd74') in 0.073916 seconds 
========================================================================
Received Import Request.
  Time since last request: 0.000020 seconds.
  path: Assets/WZ PAK/vehicles/Bagi/Bagi_plaz_b1.FBX
  artifactKey: Guid(9fa16b73d15f9354e9df54f4136c01e4) Importer(815301076,1909f56bfc062723c751e8b465ee728b)
Start importing Assets/WZ PAK/vehicles/Bagi/Bagi_plaz_b1.FBX using Guid(9fa16b73d15f9354e9df54f4136c01e4) Importer(815301076,1909f56bfc062723c751e8b465ee728b)  -> (artifact id: '91fc19955e802bbaae9660535f1324f9') in 0.109559 seconds 
Editor requested this worker to shutdown with reason: Scaling down because of idle timeout
AssetImportWorker is now disconnected from the server
Process exiting
Exiting without the bug reporter. Application will terminate with return code 0